<?xml version="1.0" encoding="UTF-8"?>
<!-- Generated by org.testng.reporters.JUnitReportReporter -->
<testsuite hostname="aspire1355" name="mfproject.main.TestApp" tests="2" failures="0" timestamp="9 Jul 2016 06:52:46 GMT" time="86.506" errors="0">
  <testcase name="feature" time="56.752" classname="mfproject.main.TestApp"/>
  <testcase name="feature" time="29.754" classname="mfproject.main.TestApp"/>
</testsuite> <!-- mfproject.main.TestApp -->
