<?xml version="1.0" encoding="UTF-8"?>
<!-- Generated by org.testng.reporters.JUnitReportReporter -->
<testsuite hostname="aspire1355" name="mfproject.main.TestApp" tests="2" failures="0" timestamp="9 Jul 2016 07:00:50 GMT" time="83.717" errors="0">
  <testcase name="feature" time="55.717" classname="mfproject.main.TestApp"/>
  <testcase name="feature" time="28.000" classname="mfproject.main.TestApp"/>
</testsuite> <!-- mfproject.main.TestApp -->
